{"/Users/tatianepirico/Desktop/TCC/jurassic-front/src/app/app-routing.module.ts": {"path":"/Users/tatianepirico/Desktop/TCC/jurassic-front/src/app/app-routing.module.ts","statementMap":{"0":{"start":{"line":1,"column":0},"end":{"line":1,"column":41}},"1":{"start":{"line":2,"column":0},"end":{"line":2,"column":55}},"2":{"start":{"line":3,"column":0},"end":{"line":3,"column":102}},"3":{"start":{"line":5,"column":23},"end":{"line":15,"column":2}},"4":{"start":{"line":9,"column":6},"end":{"line":9,"column":70}},"5":{"start":{"line":9,"column":6},"end":{"line":9,"column":45}},"6":{"start":{"line":9,"column":55},"end":{"line":9,"column":69}},"7":{"start":{"line":21,"column":0},"end":{"line":21,"column":null}},"8":{"start":{"line":21,"column":13},"end":{"line":21,"column":null}},"9":{"start":{"line":21,"column":13},"end":{"line":21,"column":29}}},"fnMap":{"0":{"name":"(anonymous_0)","decl":{"start":{"line":8,"column":18},"end":{"line":8,"column":21}},"loc":{"start":{"line":9,"column":6},"end":{"line":9,"column":70}}},"1":{"name":"(anonymous_1)","decl":{"start":{"line":9,"column":6},"end":{"line":9,"column":13}},"loc":{"start":{"line":9,"column":6},"end":{"line":9,"column":45}}},"2":{"name":"(anonymous_2)","decl":{"start":{"line":9,"column":50},"end":{"line":9,"column":51}},"loc":{"start":{"line":9,"column":55},"end":{"line":9,"column":69}}}},"branchMap":{},"s":{"0":0,"1":0,"2":0,"3":0,"4":0,"5":0,"6":0,"7":0,"8":0,"9":0},"f":{"0":0,"1":0,"2":0},"b":{}}
,"/Users/tatianepirico/Desktop/TCC/jurassic-front/src/app/app.component.ts": {"path":"/Users/tatianepirico/Desktop/TCC/jurassic-front/src/app/app.component.ts","statementMap":{"0":{"start":{"line":1,"column":0},"end":{"line":1,"column":42}},"1":{"start":{"line":8,"column":0},"end":{"line":10,"column":null}},"2":{"start":{"line":9,"column":2},"end":{"line":9,"column":27}},"3":{"start":{"line":8,"column":13},"end":{"line":10,"column":null}},"4":{"start":{"line":8,"column":13},"end":{"line":8,"column":25}}},"fnMap":{"0":{"name":"(anonymous_0)","decl":{"start":{"line":8,"column":0},"end":{"line":8,"column":13}},"loc":{"start":{"line":8,"column":0},"end":{"line":10,"column":1}}}},"branchMap":{},"s":{"0":0,"1":0,"2":0,"3":0,"4":0},"f":{"0":0},"b":{}}
,"/Users/tatianepirico/Desktop/TCC/jurassic-front/src/app/app.module.ts": {"path":"/Users/tatianepirico/Desktop/TCC/jurassic-front/src/app/app.module.ts","statementMap":{"0":{"start":{"line":1,"column":0},"end":{"line":1,"column":52}},"1":{"start":{"line":2,"column":0},"end":{"line":2,"column":58}},"2":{"start":{"line":4,"column":0},"end":{"line":4,"column":56}},"3":{"start":{"line":5,"column":0},"end":{"line":5,"column":47}},"4":{"start":{"line":24,"column":0},"end":{"line":24,"column":null}},"5":{"start":{"line":24,"column":13},"end":{"line":24,"column":null}},"6":{"start":{"line":24,"column":13},"end":{"line":24,"column":22}}},"fnMap":{},"branchMap":{},"s":{"0":0,"1":0,"2":0,"3":0,"4":0,"5":0,"6":0},"f":{},"b":{}}
,"/Users/tatianepirico/Desktop/TCC/jurassic-front/src/app/core/services/help.service.ts": {"path":"/Users/tatianepirico/Desktop/TCC/jurassic-front/src/app/core/services/help.service.ts","statementMap":{"0":{"start":{"line":1,"column":0},"end":{"line":1,"column":43}},"1":{"start":{"line":2,"column":0},"end":{"line":2,"column":31}},"2":{"start":{"line":3,"column":0},"end":{"line":3,"column":45}},"3":{"start":{"line":6,"column":0},"end":{"line":66,"column":null}},"4":{"start":{"line":25,"column":2},"end":{"line":25,"column":39}},"5":{"start":{"line":33,"column":4},"end":{"line":33,"column":44}},"6":{"start":{"line":42,"column":4},"end":{"line":42,"column":44}},"7":{"start":{"line":49,"column":4},"end":{"line":49,"column":40}},"8":{"start":{"line":50,"column":4},"end":{"line":50,"column":40}},"9":{"start":{"line":51,"column":4},"end":{"line":51,"column":40}},"10":{"start":{"line":58,"column":4},"end":{"line":60,"column":null}},"11":{"start":{"line":59,"column":6},"end":{"line":59,"column":21}},"12":{"start":{"line":61,"column":4},"end":{"line":61,"column":59}},"13":{"start":{"line":62,"column":4},"end":{"line":62,"column":59}},"14":{"start":{"line":63,"column":4},"end":{"line":63,"column":59}},"15":{"start":{"line":64,"column":4},"end":{"line":64,"column":32}},"16":{"start":{"line":6,"column":13},"end":{"line":66,"column":null}},"17":{"start":{"line":6,"column":13},"end":{"line":6,"column":24}}},"fnMap":{"0":{"name":"(anonymous_0)","decl":{"start":{"line":6,"column":0},"end":{"line":6,"column":13}},"loc":{"start":{"line":6,"column":0},"end":{"line":66,"column":1}}},"1":{"name":"(anonymous_1)","decl":{"start":{"line":32,"column":2},"end":{"line":32,"column":10}},"loc":{"start":{"line":32,"column":23},"end":{"line":34,"column":3}}},"2":{"name":"(anonymous_2)","decl":{"start":{"line":41,"column":2},"end":{"line":41,"column":10}},"loc":{"start":{"line":41,"column":38},"end":{"line":43,"column":3}}},"3":{"name":"(anonymous_3)","decl":{"start":{"line":48,"column":2},"end":{"line":48,"column":9}},"loc":{"start":{"line":48,"column":9},"end":{"line":52,"column":3}}},"4":{"name":"(anonymous_4)","decl":{"start":{"line":57,"column":2},"end":{"line":57,"column":12}},"loc":{"start":{"line":57,"column":12},"end":{"line":65,"column":3}}}},"branchMap":{"0":{"loc":{"start":{"line":33,"column":11},"end":{"line":33,"column":43}},"type":"binary-expr","locations":[{"start":{"line":33,"column":11},"end":{"line":33,"column":37}},{"start":{"line":33,"column":41},"end":{"line":33,"column":43}}]},"1":{"loc":{"start":{"line":42,"column":31},"end":{"line":42,"column":42}},"type":"binary-expr","locations":[{"start":{"line":42,"column":31},"end":{"line":42,"column":36}},{"start":{"line":42,"column":40},"end":{"line":42,"column":42}}]},"2":{"loc":{"start":{"line":58,"column":4},"end":{"line":60,"column":null}},"type":"if","locations":[{"start":{"line":58,"column":4},"end":{"line":60,"column":null}}]}},"s":{"0":0,"1":0,"2":0,"3":0,"4":0,"5":0,"6":0,"7":0,"8":0,"9":0,"10":0,"11":0,"12":0,"13":0,"14":0,"15":0,"16":0,"17":0},"f":{"0":0,"1":0,"2":0,"3":0,"4":0},"b":{"0":[0,0],"1":[0,0],"2":[0]}}
,"/Users/tatianepirico/Desktop/TCC/jurassic-front/src/app/features/alert/alert.component.ts": {"path":"/Users/tatianepirico/Desktop/TCC/jurassic-front/src/app/features/alert/alert.component.ts","statementMap":{"0":{"start":{"line":1,"column":0},"end":{"line":1,"column":42}},"1":{"start":{"line":8,"column":0},"end":{"line":8,"column":null}},"2":{"start":{"line":8,"column":13},"end":{"line":8,"column":null}},"3":{"start":{"line":8,"column":13},"end":{"line":8,"column":27}}},"fnMap":{},"branchMap":{},"s":{"0":0,"1":0,"2":0,"3":0},"f":{},"b":{}}
,"/Users/tatianepirico/Desktop/TCC/jurassic-front/src/app/features/button/button.component.ts": {"path":"/Users/tatianepirico/Desktop/TCC/jurassic-front/src/app/features/button/button.component.ts","statementMap":{"0":{"start":{"line":1,"column":0},"end":{"line":1,"column":50}},"1":{"start":{"line":8,"column":0},"end":{"line":8,"column":null}},"2":{"start":{"line":8,"column":13},"end":{"line":8,"column":null}},"3":{"start":{"line":8,"column":13},"end":{"line":8,"column":28}}},"fnMap":{},"branchMap":{},"s":{"0":0,"1":0,"2":0,"3":0},"f":{},"b":{}}
,"/Users/tatianepirico/Desktop/TCC/jurassic-front/src/app/features/button/button.module.ts": {"path":"/Users/tatianepirico/Desktop/TCC/jurassic-front/src/app/features/button/button.module.ts","statementMap":{"0":{"start":{"line":1,"column":0},"end":{"line":1,"column":41}},"1":{"start":{"line":3,"column":0},"end":{"line":3,"column":53}},"2":{"start":{"line":11,"column":0},"end":{"line":11,"column":null}},"3":{"start":{"line":11,"column":13},"end":{"line":11,"column":null}},"4":{"start":{"line":11,"column":13},"end":{"line":11,"column":25}}},"fnMap":{},"branchMap":{},"s":{"0":0,"1":0,"2":0,"3":0,"4":0},"f":{},"b":{}}
,"/Users/tatianepirico/Desktop/TCC/jurassic-front/src/app/features/speech-bubble/speech-bubble.component.ts": {"path":"/Users/tatianepirico/Desktop/TCC/jurassic-front/src/app/features/speech-bubble/speech-bubble.component.ts","statementMap":{"0":{"start":{"line":1,"column":0},"end":{"line":1,"column":42}},"1":{"start":{"line":8,"column":0},"end":{"line":8,"column":null}},"2":{"start":{"line":8,"column":13},"end":{"line":8,"column":null}},"3":{"start":{"line":8,"column":13},"end":{"line":8,"column":34}}},"fnMap":{},"branchMap":{},"s":{"0":0,"1":0,"2":0,"3":0},"f":{},"b":{}}
,"/Users/tatianepirico/Desktop/TCC/jurassic-front/src/app/features/speech-bubble/speech-bubble.module.ts": {"path":"/Users/tatianepirico/Desktop/TCC/jurassic-front/src/app/features/speech-bubble/speech-bubble.module.ts","statementMap":{"0":{"start":{"line":1,"column":0},"end":{"line":1,"column":41}},"1":{"start":{"line":3,"column":0},"end":{"line":3,"column":66}},"2":{"start":{"line":11,"column":0},"end":{"line":11,"column":null}},"3":{"start":{"line":11,"column":13},"end":{"line":11,"column":null}},"4":{"start":{"line":11,"column":13},"end":{"line":11,"column":31}}},"fnMap":{},"branchMap":{},"s":{"0":0,"1":0,"2":0,"3":0,"4":0},"f":{},"b":{}}
,"/Users/tatianepirico/Desktop/TCC/jurassic-front/src/app/pages/layout/layout.component.ts": {"path":"/Users/tatianepirico/Desktop/TCC/jurassic-front/src/app/pages/layout/layout.component.ts","statementMap":{"0":{"start":{"line":1,"column":0},"end":{"line":1,"column":69}},"1":{"start":{"line":2,"column":0},"end":{"line":2,"column":55}},"2":{"start":{"line":11,"column":0},"end":{"line":91,"column":null}},"3":{"start":{"line":41,"column":12},"end":{"line":41,"column":36}},"4":{"start":{"line":15,"column":2},"end":{"line":15,"column":17}},"5":{"start":{"line":35,"column":2},"end":{"line":35,"column":22}},"6":{"start":{"line":48,"column":4},"end":{"line":52,"column":null}},"7":{"start":{"line":49,"column":6},"end":{"line":49,"column":48}},"8":{"start":{"line":50,"column":6},"end":{"line":50,"column":48}},"9":{"start":{"line":51,"column":6},"end":{"line":51,"column":48}},"10":{"start":{"line":53,"column":4},"end":{"line":53,"column":34}},"11":{"start":{"line":54,"column":4},"end":{"line":56,"column":13}},"12":{"start":{"line":55,"column":6},"end":{"line":55,"column":30}},"13":{"start":{"line":63,"column":4},"end":{"line":63,"column":31}},"14":{"start":{"line":71,"column":4},"end":{"line":89,"column":null}},"15":{"start":{"line":73,"column":8},"end":{"line":73,"column":27}},"16":{"start":{"line":74,"column":8},"end":{"line":74,"column":80}},"17":{"start":{"line":75,"column":8},"end":{"line":75,"column":14}},"18":{"start":{"line":78,"column":8},"end":{"line":78,"column":27}},"19":{"start":{"line":79,"column":8},"end":{"line":79,"column":80}},"20":{"start":{"line":80,"column":8},"end":{"line":80,"column":14}},"21":{"start":{"line":83,"column":8},"end":{"line":83,"column":27}},"22":{"start":{"line":84,"column":8},"end":{"line":84,"column":80}},"23":{"start":{"line":85,"column":8},"end":{"line":85,"column":14}},"24":{"start":{"line":88,"column":8},"end":{"line":88,"column":14}},"25":{"start":{"line":11,"column":13},"end":{"line":91,"column":null}},"26":{"start":{"line":11,"column":13},"end":{"line":11,"column":28}}},"fnMap":{"0":{"name":"(anonymous_0)","decl":{"start":{"line":40,"column":3},"end":{"line":40,"column":null}},"loc":{"start":{"line":41,"column":36},"end":{"line":42,"column":6}}},"1":{"name":"(anonymous_1)","decl":{"start":{"line":47,"column":2},"end":{"line":47,"column":10}},"loc":{"start":{"line":47,"column":10},"end":{"line":57,"column":3}}},"2":{"name":"(anonymous_2)","decl":{"start":{"line":48,"column":43},"end":{"line":48,"column":46}},"loc":{"start":{"line":48,"column":48},"end":{"line":52,"column":5}}},"3":{"name":"(anonymous_3)","decl":{"start":{"line":54,"column":15},"end":{"line":54,"column":18}},"loc":{"start":{"line":54,"column":20},"end":{"line":56,"column":5}}},"4":{"name":"(anonymous_4)","decl":{"start":{"line":62,"column":2},"end":{"line":62,"column":14}},"loc":{"start":{"line":62,"column":14},"end":{"line":64,"column":3}}},"5":{"name":"(anonymous_5)","decl":{"start":{"line":70,"column":2},"end":{"line":70,"column":9}},"loc":{"start":{"line":70,"column":22},"end":{"line":90,"column":3}}}},"branchMap":{"0":{"loc":{"start":{"line":71,"column":4},"end":{"line":89,"column":null}},"type":"switch","locations":[{"start":{"line":72,"column":6},"end":{"line":75,"column":14}},{"start":{"line":77,"column":6},"end":{"line":80,"column":14}},{"start":{"line":82,"column":6},"end":{"line":85,"column":14}},{"start":{"line":87,"column":6},"end":{"line":88,"column":14}}]}},"s":{"0":0,"1":0,"2":0,"3":0,"4":0,"5":0,"6":0,"7":0,"8":0,"9":0,"10":0,"11":0,"12":0,"13":0,"14":0,"15":0,"16":0,"17":0,"18":0,"19":0,"20":0,"21":0,"22":0,"23":0,"24":0,"25":0,"26":0},"f":{"0":0,"1":0,"2":0,"3":0,"4":0,"5":0},"b":{"0":[0,0,0,0]}}
,"/Users/tatianepirico/Desktop/TCC/jurassic-front/src/app/pages/layout/layout.module.ts": {"path":"/Users/tatianepirico/Desktop/TCC/jurassic-front/src/app/pages/layout/layout.module.ts","statementMap":{"0":{"start":{"line":1,"column":0},"end":{"line":1,"column":72}},"1":{"start":{"line":2,"column":0},"end":{"line":2,"column":47}},"2":{"start":{"line":3,"column":0},"end":{"line":3,"column":41}},"3":{"start":{"line":5,"column":0},"end":{"line":5,"column":53}},"4":{"start":{"line":6,"column":0},"end":{"line":6,"column":62}},"5":{"start":{"line":13,"column":0},"end":{"line":13,"column":null}},"6":{"start":{"line":13,"column":13},"end":{"line":13,"column":null}},"7":{"start":{"line":13,"column":13},"end":{"line":13,"column":25}}},"fnMap":{},"branchMap":{},"s":{"0":0,"1":0,"2":0,"3":0,"4":0,"5":0,"6":0,"7":0},"f":{},"b":{}}
,"/Users/tatianepirico/Desktop/TCC/jurassic-front/src/app/pages/layout/layout.routing.module.ts": {"path":"/Users/tatianepirico/Desktop/TCC/jurassic-front/src/app/pages/layout/layout.routing.module.ts","statementMap":{"0":{"start":{"line":1,"column":0},"end":{"line":1,"column":41}},"1":{"start":{"line":2,"column":0},"end":{"line":2,"column":55}},"2":{"start":{"line":4,"column":0},"end":{"line":4,"column":53}},"3":{"start":{"line":6,"column":13},"end":{"line":20,"column":2}},"4":{"start":{"line":14,"column":10},"end":{"line":16,"column":43}},"5":{"start":{"line":14,"column":10},"end":{"line":15,"column":null}},"6":{"start":{"line":16,"column":22},"end":{"line":16,"column":42}},"7":{"start":{"line":26,"column":0},"end":{"line":26,"column":null}},"8":{"start":{"line":26,"column":13},"end":{"line":26,"column":null}},"9":{"start":{"line":26,"column":13},"end":{"line":26,"column":32}}},"fnMap":{"0":{"name":"(anonymous_0)","decl":{"start":{"line":13,"column":22},"end":{"line":13,"column":25}},"loc":{"start":{"line":14,"column":10},"end":{"line":16,"column":43}}},"1":{"name":"(anonymous_1)","decl":{"start":{"line":14,"column":10},"end":{"line":14,"column":null}},"loc":{"start":{"line":14,"column":10},"end":{"line":15,"column":null}}},"2":{"name":"(anonymous_2)","decl":{"start":{"line":16,"column":17},"end":{"line":16,"column":18}},"loc":{"start":{"line":16,"column":22},"end":{"line":16,"column":42}}}},"branchMap":{},"s":{"0":0,"1":0,"2":0,"3":0,"4":0,"5":0,"6":0,"7":0,"8":0,"9":0},"f":{"0":0,"1":0,"2":0},"b":{}}
,"/Users/tatianepirico/Desktop/TCC/jurassic-front/src/app/pages/page-jurassic/page-jurassic.component.ts": {"path":"/Users/tatianepirico/Desktop/TCC/jurassic-front/src/app/pages/page-jurassic/page-jurassic.component.ts","statementMap":{"0":{"start":{"line":1,"column":0},"end":{"line":1,"column":50}},"1":{"start":{"line":8,"column":0},"end":{"line":15,"column":null}},"2":{"start":{"line":8,"column":13},"end":{"line":15,"column":null}},"3":{"start":{"line":8,"column":13},"end":{"line":8,"column":34}}},"fnMap":{"0":{"name":"(anonymous_0)","decl":{"start":{"line":10,"column":2},"end":{"line":10,"column":18}},"loc":{"start":{"line":10,"column":2},"end":{"line":10,"column":19}}},"1":{"name":"(anonymous_1)","decl":{"start":{"line":12,"column":2},"end":{"line":12,"column":10}},"loc":{"start":{"line":12,"column":10},"end":{"line":13,"column":3}}}},"branchMap":{},"s":{"0":0,"1":0,"2":0,"3":0},"f":{"0":0,"1":0},"b":{}}
,"/Users/tatianepirico/Desktop/TCC/jurassic-front/src/app/pages/page-jurassic/page-jurassic.module.ts": {"path":"/Users/tatianepirico/Desktop/TCC/jurassic-front/src/app/pages/page-jurassic/page-jurassic.module.ts","statementMap":{"0":{"start":{"line":1,"column":0},"end":{"line":1,"column":79}},"1":{"start":{"line":2,"column":0},"end":{"line":2,"column":82}},"2":{"start":{"line":3,"column":0},"end":{"line":3,"column":82}},"3":{"start":{"line":4,"column":0},"end":{"line":4,"column":85}},"4":{"start":{"line":5,"column":0},"end":{"line":5,"column":79}},"5":{"start":{"line":6,"column":0},"end":{"line":6,"column":47}},"6":{"start":{"line":7,"column":0},"end":{"line":7,"column":41}},"7":{"start":{"line":8,"column":0},"end":{"line":8,"column":69}},"8":{"start":{"line":9,"column":0},"end":{"line":9,"column":89}},"9":{"start":{"line":11,"column":0},"end":{"line":11,"column":66}},"10":{"start":{"line":12,"column":0},"end":{"line":12,"column":75}},"11":{"start":{"line":13,"column":0},"end":{"line":13,"column":82}},"12":{"start":{"line":14,"column":0},"end":{"line":14,"column":79}},"13":{"start":{"line":34,"column":0},"end":{"line":34,"column":null}},"14":{"start":{"line":34,"column":13},"end":{"line":34,"column":null}},"15":{"start":{"line":34,"column":13},"end":{"line":34,"column":31}}},"fnMap":{},"branchMap":{},"s":{"0":0,"1":0,"2":0,"3":0,"4":0,"5":0,"6":0,"7":0,"8":0,"9":0,"10":0,"11":0,"12":0,"13":0,"14":0,"15":0},"f":{},"b":{}}
,"/Users/tatianepirico/Desktop/TCC/jurassic-front/src/app/pages/page-jurassic/page-jurassic.routing.module.ts": {"path":"/Users/tatianepirico/Desktop/TCC/jurassic-front/src/app/pages/page-jurassic/page-jurassic.routing.module.ts","statementMap":{"0":{"start":{"line":1,"column":0},"end":{"line":1,"column":41}},"1":{"start":{"line":2,"column":0},"end":{"line":2,"column":55}},"2":{"start":{"line":4,"column":0},"end":{"line":4,"column":66}},"3":{"start":{"line":5,"column":0},"end":{"line":5,"column":82}},"4":{"start":{"line":6,"column":0},"end":{"line":6,"column":82}},"5":{"start":{"line":7,"column":0},"end":{"line":7,"column":79}},"6":{"start":{"line":8,"column":0},"end":{"line":8,"column":79}},"7":{"start":{"line":9,"column":0},"end":{"line":9,"column":85}},"8":{"start":{"line":10,"column":0},"end":{"line":10,"column":79}},"9":{"start":{"line":12,"column":13},"end":{"line":43,"column":2}},"10":{"start":{"line":50,"column":0},"end":{"line":50,"column":null}},"11":{"start":{"line":50,"column":13},"end":{"line":50,"column":null}},"12":{"start":{"line":50,"column":13},"end":{"line":50,"column":38}}},"fnMap":{},"branchMap":{},"s":{"0":0,"1":0,"2":0,"3":0,"4":0,"5":0,"6":0,"7":0,"8":0,"9":0,"10":0,"11":0,"12":0},"f":{},"b":{}}
,"/Users/tatianepirico/Desktop/TCC/jurassic-front/src/app/pages/page-jurassic/page-not-found/page-not-found.component.ts": {"path":"/Users/tatianepirico/Desktop/TCC/jurassic-front/src/app/pages/page-jurassic/page-not-found/page-not-found.component.ts","statementMap":{"0":{"start":{"line":1,"column":0},"end":{"line":1,"column":61}},"1":{"start":{"line":10,"column":0},"end":{"line":47,"column":null}},"2":{"start":{"line":16,"column":12},"end":{"line":16,"column":26}},"3":{"start":{"line":22,"column":2},"end":{"line":22,"column":23}},"4":{"start":{"line":27,"column":2},"end":{"line":27,"column":20}},"5":{"start":{"line":33,"column":4},"end":{"line":35,"column":13}},"6":{"start":{"line":34,"column":6},"end":{"line":34,"column":28}},"7":{"start":{"line":42,"column":4},"end":{"line":42,"column":29}},"8":{"start":{"line":43,"column":4},"end":{"line":45,"column":13}},"9":{"start":{"line":44,"column":6},"end":{"line":44,"column":39}},"10":{"start":{"line":10,"column":13},"end":{"line":47,"column":null}},"11":{"start":{"line":10,"column":13},"end":{"line":10,"column":34}}},"fnMap":{"0":{"name":"(anonymous_0)","decl":{"start":{"line":15,"column":3},"end":{"line":15,"column":null}},"loc":{"start":{"line":16,"column":26},"end":{"line":17,"column":6}}},"1":{"name":"(anonymous_1)","decl":{"start":{"line":32,"column":3},"end":{"line":32,"column":11}},"loc":{"start":{"line":32,"column":11},"end":{"line":36,"column":3}}},"2":{"name":"(anonymous_2)","decl":{"start":{"line":33,"column":15},"end":{"line":33,"column":18}},"loc":{"start":{"line":33,"column":20},"end":{"line":35,"column":5}}},"3":{"name":"(anonymous_3)","decl":{"start":{"line":41,"column":2},"end":{"line":41,"column":10}},"loc":{"start":{"line":41,"column":10},"end":{"line":46,"column":3}}},"4":{"name":"(anonymous_4)","decl":{"start":{"line":43,"column":15},"end":{"line":43,"column":18}},"loc":{"start":{"line":43,"column":20},"end":{"line":45,"column":5}}}},"branchMap":{},"s":{"0":0,"1":0,"2":0,"3":0,"4":0,"5":0,"6":0,"7":0,"8":0,"9":0,"10":0,"11":0},"f":{"0":0,"1":0,"2":0,"3":0,"4":0},"b":{}}
,"/Users/tatianepirico/Desktop/TCC/jurassic-front/src/app/pages/page-jurassic/page-step-five/page-step-five.component.ts": {"path":"/Users/tatianepirico/Desktop/TCC/jurassic-front/src/app/pages/page-jurassic/page-step-five/page-step-five.component.ts","statementMap":{"0":{"start":{"line":1,"column":0},"end":{"line":1,"column":50}},"1":{"start":{"line":9,"column":0},"end":{"line":69,"column":null}},"2":{"start":{"line":14,"column":12},"end":{"line":14,"column":26}},"3":{"start":{"line":20,"column":2},"end":{"line":20,"column":27}},"4":{"start":{"line":25,"column":3},"end":{"line":25,"column":29}},"5":{"start":{"line":30,"column":2},"end":{"line":30,"column":18}},"6":{"start":{"line":36,"column":4},"end":{"line":38,"column":13}},"7":{"start":{"line":37,"column":6},"end":{"line":37,"column":27}},"8":{"start":{"line":40,"column":4},"end":{"line":43,"column":13}},"9":{"start":{"line":41,"column":6},"end":{"line":41,"column":35}},"10":{"start":{"line":42,"column":6},"end":{"line":42,"column":36}},"11":{"start":{"line":51,"column":4},"end":{"line":60,"column":null}},"12":{"start":{"line":53,"column":8},"end":{"line":53,"column":39}},"13":{"start":{"line":56,"column":8},"end":{"line":56,"column":40}},"14":{"start":{"line":59,"column":8},"end":{"line":59,"column":18}},"15":{"start":{"line":64,"column":4},"end":{"line":64,"column":25}},"16":{"start":{"line":65,"column":4},"end":{"line":67,"column":13}},"17":{"start":{"line":66,"column":6},"end":{"line":66,"column":45}},"18":{"start":{"line":9,"column":13},"end":{"line":69,"column":null}},"19":{"start":{"line":9,"column":13},"end":{"line":9,"column":34}}},"fnMap":{"0":{"name":"(anonymous_0)","decl":{"start":{"line":13,"column":2},"end":{"line":13,"column":null}},"loc":{"start":{"line":14,"column":26},"end":{"line":15,"column":6}}},"1":{"name":"(anonymous_1)","decl":{"start":{"line":35,"column":2},"end":{"line":35,"column":10}},"loc":{"start":{"line":35,"column":10},"end":{"line":44,"column":3}}},"2":{"name":"(anonymous_2)","decl":{"start":{"line":36,"column":15},"end":{"line":36,"column":18}},"loc":{"start":{"line":36,"column":20},"end":{"line":38,"column":5}}},"3":{"name":"(anonymous_3)","decl":{"start":{"line":40,"column":15},"end":{"line":40,"column":18}},"loc":{"start":{"line":40,"column":20},"end":{"line":43,"column":5}}},"4":{"name":"(anonymous_4)","decl":{"start":{"line":50,"column":2},"end":{"line":50,"column":10}},"loc":{"start":{"line":50,"column":10},"end":{"line":61,"column":3}}},"5":{"name":"(anonymous_5)","decl":{"start":{"line":63,"column":2},"end":{"line":63,"column":15}},"loc":{"start":{"line":63,"column":15},"end":{"line":68,"column":3}}},"6":{"name":"(anonymous_6)","decl":{"start":{"line":65,"column":15},"end":{"line":65,"column":18}},"loc":{"start":{"line":65,"column":20},"end":{"line":67,"column":5}}}},"branchMap":{"0":{"loc":{"start":{"line":51,"column":4},"end":{"line":60,"column":null}},"type":"switch","locations":[{"start":{"line":52,"column":6},"end":{"line":53,"column":39}},{"start":{"line":55,"column":6},"end":{"line":56,"column":40}},{"start":{"line":58,"column":6},"end":{"line":59,"column":18}}]}},"s":{"0":0,"1":0,"2":0,"3":0,"4":0,"5":0,"6":0,"7":0,"8":0,"9":0,"10":0,"11":0,"12":0,"13":0,"14":0,"15":0,"16":0,"17":0,"18":0,"19":0},"f":{"0":0,"1":0,"2":0,"3":0,"4":0,"5":0,"6":0},"b":{"0":[0,0,0]}}
,"/Users/tatianepirico/Desktop/TCC/jurassic-front/src/app/pages/page-jurassic/page-step-four/page-step-four.component.ts": {"path":"/Users/tatianepirico/Desktop/TCC/jurassic-front/src/app/pages/page-jurassic/page-step-four/page-step-four.component.ts","statementMap":{"0":{"start":{"line":1,"column":0},"end":{"line":1,"column":50}},"1":{"start":{"line":9,"column":0},"end":{"line":77,"column":null}},"2":{"start":{"line":14,"column":12},"end":{"line":14,"column":26}},"3":{"start":{"line":20,"column":2},"end":{"line":20,"column":27}},"4":{"start":{"line":25,"column":3},"end":{"line":25,"column":29}},"5":{"start":{"line":30,"column":2},"end":{"line":30,"column":18}},"6":{"start":{"line":35,"column":2},"end":{"line":35,"column":null}},"7":{"start":{"line":41,"column":4},"end":{"line":43,"column":13}},"8":{"start":{"line":42,"column":6},"end":{"line":42,"column":27}},"9":{"start":{"line":45,"column":4},"end":{"line":48,"column":13}},"10":{"start":{"line":46,"column":6},"end":{"line":46,"column":35}},"11":{"start":{"line":47,"column":6},"end":{"line":47,"column":36}},"12":{"start":{"line":56,"column":4},"end":{"line":65,"column":null}},"13":{"start":{"line":58,"column":8},"end":{"line":58,"column":39}},"14":{"start":{"line":61,"column":8},"end":{"line":61,"column":40}},"15":{"start":{"line":64,"column":8},"end":{"line":64,"column":18}},"16":{"start":{"line":72,"column":4},"end":{"line":72,"column":25}},"17":{"start":{"line":73,"column":4},"end":{"line":75,"column":13}},"18":{"start":{"line":74,"column":6},"end":{"line":74,"column":45}},"19":{"start":{"line":9,"column":13},"end":{"line":77,"column":null}},"20":{"start":{"line":9,"column":13},"end":{"line":9,"column":34}}},"fnMap":{"0":{"name":"(anonymous_0)","decl":{"start":{"line":13,"column":2},"end":{"line":13,"column":null}},"loc":{"start":{"line":14,"column":26},"end":{"line":15,"column":6}}},"1":{"name":"(anonymous_1)","decl":{"start":{"line":40,"column":2},"end":{"line":40,"column":10}},"loc":{"start":{"line":40,"column":10},"end":{"line":49,"column":3}}},"2":{"name":"(anonymous_2)","decl":{"start":{"line":41,"column":15},"end":{"line":41,"column":18}},"loc":{"start":{"line":41,"column":20},"end":{"line":43,"column":5}}},"3":{"name":"(anonymous_3)","decl":{"start":{"line":45,"column":15},"end":{"line":45,"column":18}},"loc":{"start":{"line":45,"column":20},"end":{"line":48,"column":5}}},"4":{"name":"(anonymous_4)","decl":{"start":{"line":55,"column":2},"end":{"line":55,"column":10}},"loc":{"start":{"line":55,"column":10},"end":{"line":66,"column":3}}},"5":{"name":"(anonymous_5)","decl":{"start":{"line":71,"column":2},"end":{"line":71,"column":15}},"loc":{"start":{"line":71,"column":15},"end":{"line":76,"column":3}}},"6":{"name":"(anonymous_6)","decl":{"start":{"line":73,"column":15},"end":{"line":73,"column":18}},"loc":{"start":{"line":73,"column":20},"end":{"line":75,"column":5}}}},"branchMap":{"0":{"loc":{"start":{"line":56,"column":4},"end":{"line":65,"column":null}},"type":"switch","locations":[{"start":{"line":57,"column":6},"end":{"line":58,"column":39}},{"start":{"line":60,"column":6},"end":{"line":61,"column":40}},{"start":{"line":63,"column":6},"end":{"line":64,"column":18}}]}},"s":{"0":0,"1":0,"2":0,"3":0,"4":0,"5":0,"6":0,"7":0,"8":0,"9":0,"10":0,"11":0,"12":0,"13":0,"14":0,"15":0,"16":0,"17":0,"18":0,"19":0,"20":0},"f":{"0":0,"1":0,"2":0,"3":0,"4":0,"5":0,"6":0},"b":{"0":[0,0,0]}}
,"/Users/tatianepirico/Desktop/TCC/jurassic-front/src/app/pages/page-jurassic/page-step-one/page-step-one.component.ts": {"path":"/Users/tatianepirico/Desktop/TCC/jurassic-front/src/app/pages/page-jurassic/page-step-one/page-step-one.component.ts","statementMap":{"0":{"start":{"line":1,"column":0},"end":{"line":1,"column":50}},"1":{"start":{"line":9,"column":0},"end":{"line":66,"column":null}},"2":{"start":{"line":14,"column":12},"end":{"line":14,"column":26}},"3":{"start":{"line":20,"column":2},"end":{"line":20,"column":27}},"4":{"start":{"line":25,"column":2},"end":{"line":25,"column":18}},"5":{"start":{"line":31,"column":4},"end":{"line":33,"column":13}},"6":{"start":{"line":32,"column":6},"end":{"line":32,"column":27}},"7":{"start":{"line":35,"column":4},"end":{"line":37,"column":13}},"8":{"start":{"line":36,"column":6},"end":{"line":36,"column":35}},"9":{"start":{"line":45,"column":4},"end":{"line":54,"column":null}},"10":{"start":{"line":47,"column":8},"end":{"line":47,"column":38}},"11":{"start":{"line":50,"column":8},"end":{"line":50,"column":39}},"12":{"start":{"line":53,"column":8},"end":{"line":53,"column":39}},"13":{"start":{"line":61,"column":4},"end":{"line":61,"column":25}},"14":{"start":{"line":62,"column":4},"end":{"line":64,"column":13}},"15":{"start":{"line":63,"column":6},"end":{"line":63,"column":45}},"16":{"start":{"line":9,"column":13},"end":{"line":66,"column":null}},"17":{"start":{"line":9,"column":13},"end":{"line":9,"column":33}}},"fnMap":{"0":{"name":"(anonymous_0)","decl":{"start":{"line":13,"column":2},"end":{"line":13,"column":null}},"loc":{"start":{"line":14,"column":26},"end":{"line":15,"column":6}}},"1":{"name":"(anonymous_1)","decl":{"start":{"line":30,"column":2},"end":{"line":30,"column":10}},"loc":{"start":{"line":30,"column":10},"end":{"line":38,"column":3}}},"2":{"name":"(anonymous_2)","decl":{"start":{"line":31,"column":15},"end":{"line":31,"column":18}},"loc":{"start":{"line":31,"column":20},"end":{"line":33,"column":5}}},"3":{"name":"(anonymous_3)","decl":{"start":{"line":35,"column":15},"end":{"line":35,"column":18}},"loc":{"start":{"line":35,"column":20},"end":{"line":37,"column":5}}},"4":{"name":"(anonymous_4)","decl":{"start":{"line":44,"column":2},"end":{"line":44,"column":10}},"loc":{"start":{"line":44,"column":10},"end":{"line":55,"column":3}}},"5":{"name":"(anonymous_5)","decl":{"start":{"line":60,"column":2},"end":{"line":60,"column":15}},"loc":{"start":{"line":60,"column":15},"end":{"line":65,"column":3}}},"6":{"name":"(anonymous_6)","decl":{"start":{"line":62,"column":15},"end":{"line":62,"column":18}},"loc":{"start":{"line":62,"column":20},"end":{"line":64,"column":5}}}},"branchMap":{"0":{"loc":{"start":{"line":45,"column":4},"end":{"line":54,"column":null}},"type":"switch","locations":[{"start":{"line":46,"column":6},"end":{"line":47,"column":38}},{"start":{"line":49,"column":6},"end":{"line":50,"column":39}},{"start":{"line":52,"column":6},"end":{"line":53,"column":39}}]}},"s":{"0":0,"1":0,"2":0,"3":0,"4":0,"5":0,"6":0,"7":0,"8":0,"9":0,"10":0,"11":0,"12":0,"13":0,"14":0,"15":0,"16":0,"17":0},"f":{"0":0,"1":0,"2":0,"3":0,"4":0,"5":0,"6":0},"b":{"0":[0,0,0]}}
,"/Users/tatianepirico/Desktop/TCC/jurassic-front/src/app/pages/page-jurassic/page-step-six/page-step-six.component.ts": {"path":"/Users/tatianepirico/Desktop/TCC/jurassic-front/src/app/pages/page-jurassic/page-step-six/page-step-six.component.ts","statementMap":{"0":{"start":{"line":1,"column":0},"end":{"line":1,"column":50}},"1":{"start":{"line":9,"column":0},"end":{"line":69,"column":null}},"2":{"start":{"line":14,"column":12},"end":{"line":14,"column":26}},"3":{"start":{"line":20,"column":2},"end":{"line":20,"column":27}},"4":{"start":{"line":25,"column":3},"end":{"line":25,"column":28}},"5":{"start":{"line":30,"column":2},"end":{"line":30,"column":18}},"6":{"start":{"line":36,"column":4},"end":{"line":38,"column":13}},"7":{"start":{"line":37,"column":6},"end":{"line":37,"column":27}},"8":{"start":{"line":40,"column":4},"end":{"line":43,"column":13}},"9":{"start":{"line":41,"column":6},"end":{"line":41,"column":35}},"10":{"start":{"line":42,"column":6},"end":{"line":42,"column":35}},"11":{"start":{"line":51,"column":4},"end":{"line":60,"column":null}},"12":{"start":{"line":53,"column":8},"end":{"line":53,"column":38}},"13":{"start":{"line":56,"column":8},"end":{"line":56,"column":39}},"14":{"start":{"line":59,"column":8},"end":{"line":59,"column":18}},"15":{"start":{"line":64,"column":4},"end":{"line":64,"column":25}},"16":{"start":{"line":65,"column":4},"end":{"line":67,"column":13}},"17":{"start":{"line":66,"column":6},"end":{"line":66,"column":45}},"18":{"start":{"line":9,"column":13},"end":{"line":69,"column":null}},"19":{"start":{"line":9,"column":13},"end":{"line":9,"column":33}}},"fnMap":{"0":{"name":"(anonymous_0)","decl":{"start":{"line":13,"column":2},"end":{"line":13,"column":null}},"loc":{"start":{"line":14,"column":26},"end":{"line":15,"column":6}}},"1":{"name":"(anonymous_1)","decl":{"start":{"line":35,"column":2},"end":{"line":35,"column":10}},"loc":{"start":{"line":35,"column":10},"end":{"line":44,"column":3}}},"2":{"name":"(anonymous_2)","decl":{"start":{"line":36,"column":15},"end":{"line":36,"column":18}},"loc":{"start":{"line":36,"column":20},"end":{"line":38,"column":5}}},"3":{"name":"(anonymous_3)","decl":{"start":{"line":40,"column":15},"end":{"line":40,"column":18}},"loc":{"start":{"line":40,"column":20},"end":{"line":43,"column":5}}},"4":{"name":"(anonymous_4)","decl":{"start":{"line":50,"column":2},"end":{"line":50,"column":10}},"loc":{"start":{"line":50,"column":10},"end":{"line":61,"column":3}}},"5":{"name":"(anonymous_5)","decl":{"start":{"line":63,"column":2},"end":{"line":63,"column":15}},"loc":{"start":{"line":63,"column":15},"end":{"line":68,"column":3}}},"6":{"name":"(anonymous_6)","decl":{"start":{"line":65,"column":15},"end":{"line":65,"column":18}},"loc":{"start":{"line":65,"column":20},"end":{"line":67,"column":5}}}},"branchMap":{"0":{"loc":{"start":{"line":51,"column":4},"end":{"line":60,"column":null}},"type":"switch","locations":[{"start":{"line":52,"column":6},"end":{"line":53,"column":38}},{"start":{"line":55,"column":6},"end":{"line":56,"column":39}},{"start":{"line":58,"column":6},"end":{"line":59,"column":18}}]}},"s":{"0":0,"1":0,"2":0,"3":0,"4":0,"5":0,"6":0,"7":0,"8":0,"9":0,"10":0,"11":0,"12":0,"13":0,"14":0,"15":0,"16":0,"17":0,"18":0,"19":0},"f":{"0":0,"1":0,"2":0,"3":0,"4":0,"5":0,"6":0},"b":{"0":[0,0,0]}}
,"/Users/tatianepirico/Desktop/TCC/jurassic-front/src/app/pages/page-jurassic/page-step-three/page-step-three.component.ts": {"path":"/Users/tatianepirico/Desktop/TCC/jurassic-front/src/app/pages/page-jurassic/page-step-three/page-step-three.component.ts","statementMap":{"0":{"start":{"line":1,"column":0},"end":{"line":1,"column":50}},"1":{"start":{"line":9,"column":0},"end":{"line":72,"column":null}},"2":{"start":{"line":14,"column":12},"end":{"line":14,"column":26}},"3":{"start":{"line":20,"column":2},"end":{"line":20,"column":27}},"4":{"start":{"line":25,"column":3},"end":{"line":25,"column":28}},"5":{"start":{"line":30,"column":2},"end":{"line":30,"column":18}},"6":{"start":{"line":36,"column":4},"end":{"line":38,"column":13}},"7":{"start":{"line":37,"column":6},"end":{"line":37,"column":27}},"8":{"start":{"line":40,"column":4},"end":{"line":43,"column":13}},"9":{"start":{"line":41,"column":6},"end":{"line":41,"column":35}},"10":{"start":{"line":42,"column":6},"end":{"line":42,"column":35}},"11":{"start":{"line":51,"column":4},"end":{"line":60,"column":null}},"12":{"start":{"line":53,"column":8},"end":{"line":53,"column":40}},"13":{"start":{"line":56,"column":8},"end":{"line":56,"column":41}},"14":{"start":{"line":59,"column":8},"end":{"line":59,"column":18}},"15":{"start":{"line":67,"column":4},"end":{"line":67,"column":25}},"16":{"start":{"line":68,"column":4},"end":{"line":70,"column":13}},"17":{"start":{"line":69,"column":6},"end":{"line":69,"column":45}},"18":{"start":{"line":9,"column":13},"end":{"line":72,"column":null}},"19":{"start":{"line":9,"column":13},"end":{"line":9,"column":35}}},"fnMap":{"0":{"name":"(anonymous_0)","decl":{"start":{"line":13,"column":2},"end":{"line":13,"column":null}},"loc":{"start":{"line":14,"column":26},"end":{"line":15,"column":6}}},"1":{"name":"(anonymous_1)","decl":{"start":{"line":35,"column":2},"end":{"line":35,"column":10}},"loc":{"start":{"line":35,"column":10},"end":{"line":44,"column":3}}},"2":{"name":"(anonymous_2)","decl":{"start":{"line":36,"column":15},"end":{"line":36,"column":18}},"loc":{"start":{"line":36,"column":20},"end":{"line":38,"column":5}}},"3":{"name":"(anonymous_3)","decl":{"start":{"line":40,"column":15},"end":{"line":40,"column":18}},"loc":{"start":{"line":40,"column":20},"end":{"line":43,"column":5}}},"4":{"name":"(anonymous_4)","decl":{"start":{"line":50,"column":2},"end":{"line":50,"column":10}},"loc":{"start":{"line":50,"column":10},"end":{"line":61,"column":3}}},"5":{"name":"(anonymous_5)","decl":{"start":{"line":66,"column":2},"end":{"line":66,"column":15}},"loc":{"start":{"line":66,"column":15},"end":{"line":71,"column":3}}},"6":{"name":"(anonymous_6)","decl":{"start":{"line":68,"column":15},"end":{"line":68,"column":18}},"loc":{"start":{"line":68,"column":20},"end":{"line":70,"column":5}}}},"branchMap":{"0":{"loc":{"start":{"line":51,"column":4},"end":{"line":60,"column":null}},"type":"switch","locations":[{"start":{"line":52,"column":6},"end":{"line":53,"column":40}},{"start":{"line":55,"column":6},"end":{"line":56,"column":41}},{"start":{"line":58,"column":6},"end":{"line":59,"column":18}}]}},"s":{"0":0,"1":0,"2":0,"3":0,"4":0,"5":0,"6":0,"7":0,"8":0,"9":0,"10":0,"11":0,"12":0,"13":0,"14":0,"15":0,"16":0,"17":0,"18":0,"19":0},"f":{"0":0,"1":0,"2":0,"3":0,"4":0,"5":0,"6":0},"b":{"0":[0,0,0]}}
,"/Users/tatianepirico/Desktop/TCC/jurassic-front/src/app/pages/page-jurassic/page-step-two/page-step-two.component.ts": {"path":"/Users/tatianepirico/Desktop/TCC/jurassic-front/src/app/pages/page-jurassic/page-step-two/page-step-two.component.ts","statementMap":{"0":{"start":{"line":1,"column":0},"end":{"line":1,"column":50}},"1":{"start":{"line":9,"column":0},"end":{"line":66,"column":null}},"2":{"start":{"line":14,"column":12},"end":{"line":14,"column":26}},"3":{"start":{"line":20,"column":2},"end":{"line":20,"column":27}},"4":{"start":{"line":25,"column":2},"end":{"line":25,"column":18}},"5":{"start":{"line":31,"column":4},"end":{"line":33,"column":13}},"6":{"start":{"line":32,"column":6},"end":{"line":32,"column":27}},"7":{"start":{"line":35,"column":4},"end":{"line":37,"column":13}},"8":{"start":{"line":36,"column":6},"end":{"line":36,"column":35}},"9":{"start":{"line":45,"column":4},"end":{"line":54,"column":null}},"10":{"start":{"line":47,"column":8},"end":{"line":47,"column":38}},"11":{"start":{"line":50,"column":8},"end":{"line":50,"column":39}},"12":{"start":{"line":53,"column":8},"end":{"line":53,"column":18}},"13":{"start":{"line":61,"column":4},"end":{"line":61,"column":25}},"14":{"start":{"line":62,"column":4},"end":{"line":64,"column":13}},"15":{"start":{"line":63,"column":6},"end":{"line":63,"column":45}},"16":{"start":{"line":9,"column":13},"end":{"line":66,"column":null}},"17":{"start":{"line":9,"column":13},"end":{"line":9,"column":33}}},"fnMap":{"0":{"name":"(anonymous_0)","decl":{"start":{"line":13,"column":2},"end":{"line":13,"column":null}},"loc":{"start":{"line":14,"column":26},"end":{"line":15,"column":6}}},"1":{"name":"(anonymous_1)","decl":{"start":{"line":30,"column":2},"end":{"line":30,"column":10}},"loc":{"start":{"line":30,"column":10},"end":{"line":38,"column":3}}},"2":{"name":"(anonymous_2)","decl":{"start":{"line":31,"column":15},"end":{"line":31,"column":18}},"loc":{"start":{"line":31,"column":20},"end":{"line":33,"column":5}}},"3":{"name":"(anonymous_3)","decl":{"start":{"line":35,"column":15},"end":{"line":35,"column":18}},"loc":{"start":{"line":35,"column":20},"end":{"line":37,"column":5}}},"4":{"name":"(anonymous_4)","decl":{"start":{"line":44,"column":2},"end":{"line":44,"column":10}},"loc":{"start":{"line":44,"column":10},"end":{"line":55,"column":3}}},"5":{"name":"(anonymous_5)","decl":{"start":{"line":60,"column":2},"end":{"line":60,"column":15}},"loc":{"start":{"line":60,"column":15},"end":{"line":65,"column":3}}},"6":{"name":"(anonymous_6)","decl":{"start":{"line":62,"column":15},"end":{"line":62,"column":18}},"loc":{"start":{"line":62,"column":20},"end":{"line":64,"column":5}}}},"branchMap":{"0":{"loc":{"start":{"line":45,"column":4},"end":{"line":54,"column":null}},"type":"switch","locations":[{"start":{"line":46,"column":6},"end":{"line":47,"column":38}},{"start":{"line":49,"column":6},"end":{"line":50,"column":39}},{"start":{"line":52,"column":6},"end":{"line":53,"column":18}}]}},"s":{"0":0,"1":0,"2":0,"3":0,"4":0,"5":0,"6":0,"7":0,"8":0,"9":0,"10":0,"11":0,"12":0,"13":0,"14":0,"15":0,"16":0,"17":0},"f":{"0":0,"1":0,"2":0,"3":0,"4":0,"5":0,"6":0},"b":{"0":[0,0,0]}}
}
